<?xml version="1.0" encoding="UTF-8"?>
<testsuites name="Mocha Tests" time="150.0090" tests="11" failures="10">
  <testsuite name="Root Suite" timestamp="2022-04-29T12:10:11" tests="0" file="specs/homePageSpec.js" time="0.0000" failures="0">
  </testsuite>
  <testsuite name="XFlix" timestamp="2022-04-29T12:10:11" tests="11" time="149.9420" failures="10">
    <testcase name="XFlix should display 5 genre buttons on a row" time="10.2620" classname="should display 5 genre buttons on a row">
      <failure message="Timed out retrying after 4000ms: Expected to find element: `.genre-btn`, but never found it." type="AssertionError"><![CDATA[AssertionError: Timed out retrying after 4000ms: Expected to find element: `.genre-btn`, but never found it.
    at Context.eval (http://localhost:8081/__cypress/tests?p=specs/homePageSpec.js:331:31)]]></failure>
    </testcase>
    <testcase name="XFlix should display 5 content rating buttons on a row" time="6.6670" classname="should display 5 content rating buttons on a row">
      <failure message="Timed out retrying after 4000ms: Expected to find element: `.content-rating-btn`, but never found it." type="AssertionError"><![CDATA[AssertionError: Timed out retrying after 4000ms: Expected to find element: `.content-rating-btn`, but never found it.
    at Context.eval (http://localhost:8081/__cypress/tests?p=specs/homePageSpec.js:334:39)]]></failure>
    </testcase>
    <testcase name="XFlix should not have same parent for genre and content rating buttons" time="6.9190" classname="should not have same parent for genre and content rating buttons">
      <failure message="Timed out retrying after 4000ms: Expected to find element: `.genre-btn`, but never found it." type="AssertionError"><![CDATA[AssertionError: Timed out retrying after 4000ms: Expected to find element: `.genre-btn`, but never found it.
    at Object.genre (http://localhost:8081/__cypress/tests?p=specs/homePageSpec.js:229:15)
    at Context.eval (http://localhost:8081/__cypress/tests?p=specs/homePageSpec.js:337:23)]]></failure>
    </testcase>
    <testcase name="XFlix should not have &quot;View Count&quot; option selected in sort by dropdown on page load" time="6.9310" classname="should not have &quot;View Count&quot; option selected in sort by dropdown on page load">
      <failure message="Timed out retrying after 4000ms: Expected to find element: `#view-count-option`, but never found it." type="AssertionError"><![CDATA[AssertionError: Timed out retrying after 4000ms: Expected to find element: `#view-count-option`, but never found it.
    at Context.eval (http://localhost:8081/__cypress/tests?p=specs/homePageSpec.js:340:35)]]></failure>
    </testcase>
    <testcase name="XFlix should have &quot;Release Date&quot; option selected in sort by dropdown on page load" time="6.6150" classname="should have &quot;Release Date&quot; option selected in sort by dropdown on page load">
      <failure message="Timed out retrying after 4000ms: Expected to find element: `#release-date-option`, but never found it." type="AssertionError"><![CDATA[AssertionError: Timed out retrying after 4000ms: Expected to find element: `#release-date-option`, but never found it.
    at Context.eval (http://localhost:8081/__cypress/tests?p=specs/homePageSpec.js:343:37)]]></failure>
    </testcase>
    <testcase name="XFlix should have &quot;View Count&quot; option selectable after clicking on the sort by dropdown" time="6.7660" classname="should have &quot;View Count&quot; option selectable after clicking on the sort by dropdown">
      <failure message="Timed out retrying after 4000ms: Expected to find element: `.sort-select`, but never found it." type="AssertionError"><![CDATA[AssertionError: Timed out retrying after 4000ms: Expected to find element: `.sort-select`, but never found it.
    at Object.sortBy (http://localhost:8081/__cypress/tests?p=specs/homePageSpec.js:245:15)
    at Context.eval (http://localhost:8081/__cypress/tests?p=specs/homePageSpec.js:346:23)]]></failure>
    </testcase>
    <testcase name="XFlix should have &quot;Upload&quot; button on landing page on load" time="2.1160" classname="should have &quot;Upload&quot; button on landing page on load">
    </testcase>
    <testcase name="XFlix should open video modal with &quot;Submit&quot; and &quot;Cancel&quot; buttons, on clicking &quot;Upload&quot; button" time="6.7060" classname="should open video modal with &quot;Submit&quot; and &quot;Cancel&quot; buttons, on clicking &quot;Upload&quot; button">
      <failure message="Timed out retrying after 4000ms: Expected to find element: `#upload-btn`, but never found it." type="AssertionError"><![CDATA[AssertionError: Timed out retrying after 4000ms: Expected to find element: `#upload-btn`, but never found it.
    at Object.uploadButton (http://localhost:8081/__cypress/tests?p=specs/homePageSpec.js:261:15)
    at Context.eval (http://localhost:8081/__cypress/tests?p=specs/homePageSpec.js:356:23)]]></failure>
    </testcase>
    <testcase name="XFlix should open video modal on clicking &quot;Upload&quot; button and close it on clicking &quot;Cancel&quot; button in the modal" time="6.7610" classname="should open video modal on clicking &quot;Upload&quot; button and close it on clicking &quot;Cancel&quot; button in the modal">
      <failure message="Timed out retrying after 4000ms: Expected to find element: `#upload-btn`, but never found it." type="AssertionError"><![CDATA[AssertionError: Timed out retrying after 4000ms: Expected to find element: `#upload-btn`, but never found it.
    at Object.uploadButton (http://localhost:8081/__cypress/tests?p=specs/homePageSpec.js:261:15)
    at Context.eval (http://localhost:8081/__cypress/tests?p=specs/homePageSpec.js:365:23)]]></failure>
    </testcase>
    <testcase name="XFlix should have at least 10 links (with class &quot;video-tile-link&quot;) to different videos on page load." time="7.2650" classname="should have at least 10 links (with class &quot;video-tile-link&quot;) to different videos on page load.">
      <failure message="Timed out retrying after 4000ms: Expected to find element: `.video-tile-link`, but never found it." type="AssertionError"><![CDATA[AssertionError: Timed out retrying after 4000ms: Expected to find element: `.video-tile-link`, but never found it.
    at Context.eval (http://localhost:8081/__cypress/tests?p=specs/homePageSpec.js:376:39)]]></failure>
    </testcase>
    <testcase name="XFlix should display the video page on clicking the first video tile (with class &quot;video-tile&quot;) which has a parent element with class &quot;video-tile-link&quot;" time="7.4920" classname="should display the video page on clicking the first video tile (with class &quot;video-tile&quot;) which has a parent element with class &quot;video-tile-link&quot;">
      <failure message="Timed out retrying after 4000ms: Expected to find element: `.video-tile-link &gt; .video-tile`, but never found it." type="AssertionError"><![CDATA[AssertionError: Timed out retrying after 4000ms: Expected to find element: `.video-tile-link > .video-tile`, but never found it.
    at Context.eval (http://localhost:8081/__cypress/tests?p=specs/homePageSpec.js:381:19)]]></failure>
    </testcase>
  </testsuite>
</testsuites>